z:\projects\protect\protect\x64\debug\vc142.pdb
z:\projects\protect\protect\x64\debug\callbacks.obj
z:\projects\protect\protect\x64\debug\protect.obj
z:\projects\protect\x64\debug\protect\protect.cat
z:\projects\protect\x64\debug\protect.sys
z:\projects\protect\x64\debug\protect.pdb
z:\projects\protect\protect\x64\debug\protect.inf
z:\projects\protect\x64\debug\protect.cer
z:\projects\protect\x64\debug\protect.inf
z:\projects\protect\protect\x64\debug\protect.tlog\cl.command.1.tlog
z:\projects\protect\protect\x64\debug\protect.tlog\cl.read.1.tlog
z:\projects\protect\protect\x64\debug\protect.tlog\cl.write.1.tlog
z:\projects\protect\protect\x64\debug\protect.tlog\inf2cat-expand.12724.read.1.tlog
z:\projects\protect\protect\x64\debug\protect.tlog\inf2cat-expand.12724.write.1.tlog
z:\projects\protect\protect\x64\debug\protect.tlog\inf2cat-expand.15356.read.1.tlog
z:\projects\protect\protect\x64\debug\protect.tlog\inf2cat-expand.15356.write.1.tlog
z:\projects\protect\protect\x64\debug\protect.tlog\inf2cat-expand.15688.read.1.tlog
z:\projects\protect\protect\x64\debug\protect.tlog\inf2cat-expand.15688.write.1.tlog
z:\projects\protect\protect\x64\debug\protect.tlog\inf2cat-expand.5260.read.1.tlog
z:\projects\protect\protect\x64\debug\protect.tlog\inf2cat-expand.5260.write.1.tlog
z:\projects\protect\protect\x64\debug\protect.tlog\inf2cat-expand.9996.read.1.tlog
z:\projects\protect\protect\x64\debug\protect.tlog\inf2cat-expand.9996.write.1.tlog
z:\projects\protect\protect\x64\debug\protect.tlog\inf2cat-expand.read.1.tlog
z:\projects\protect\protect\x64\debug\protect.tlog\inf2cat-expand.write.1.tlog
z:\projects\protect\protect\x64\debug\protect.tlog\inf2cat.command.1.tlog
z:\projects\protect\protect\x64\debug\protect.tlog\inf2cat.read.1.tlog
z:\projects\protect\protect\x64\debug\protect.tlog\inf2cat.write.1.tlog
z:\projects\protect\protect\x64\debug\protect.tlog\inf2cat.write.8.tlog
z:\projects\protect\protect\x64\debug\protect.tlog\link.command.1.tlog
z:\projects\protect\protect\x64\debug\protect.tlog\link.delete.1.tlog
z:\projects\protect\protect\x64\debug\protect.tlog\link.read.1.tlog
z:\projects\protect\protect\x64\debug\protect.tlog\link.write.1.tlog
z:\projects\protect\protect\x64\debug\protect.tlog\signtool.command.1.tlog
z:\projects\protect\protect\x64\debug\protect.tlog\signtool.read.1.tlog
z:\projects\protect\protect\x64\debug\protect.tlog\signtool.timestamp.1.tlog
z:\projects\protect\protect\x64\debug\protect.tlog\signtool.write.1.tlog
z:\projects\protect\protect\x64\debug\protect.tlog\stampinf.command.1.tlog
z:\projects\protect\protect\x64\debug\protect.tlog\stampinf.read.1.tlog
z:\projects\protect\protect\x64\debug\protect.tlog\stampinf.write.1.tlog
